This is pdfTeX, Version 3.141592653-2.6-1.40.25 (MiKTeX 24.1) (preloaded format=pdflatex 2025.9.19)  19 SEP 2025 12:38
entering extended mode
 restricted \write18 enabled.
 %&-line parsing enabled.
**./doc.tex
(doc.tex
LaTeX2e <2023-11-01> patch level 1
L3 programming layer <2024-01-04>
(C:\Users\auria\AppData\Local\Programs\MiKTeX\tex/latex/base\article.cls
Document Class: article 2023/05/17 v1.4n Standard LaTeX document class
(C:\Users\auria\AppData\Local\Programs\MiKTeX\tex/latex/base\size10.clo
File: size10.clo 2023/05/17 v1.4n Standard LaTeX file (size option)
)
\c@part=\count187
\c@section=\count188
\c@subsection=\count189
\c@subsubsection=\count190
\c@paragraph=\count191
\c@subparagraph=\count192
\c@figure=\count193
\c@table=\count194
\abovecaptionskip=\skip48
\belowcaptionskip=\skip49
\bibindent=\dimen140
)
(C:\Users\auria\AppData\Local\Programs\MiKTeX\tex/latex/pdfpages\pdfpages.sty
Package: pdfpages 2025/07/23 v0.6g Insert pages of external PDF documents (AM)

(C:\Users\auria\AppData\Local\Programs\MiKTeX\tex/latex/base\ifthen.sty
Package: ifthen 2022/04/13 v1.1d Standard LaTeX ifthen package (DPC)
)
(C:\Users\auria\AppData\Local\Programs\MiKTeX\tex/latex/tools\calc.sty
Package: calc 2023/07/08 v4.3 Infix arithmetic (KKT,FJ)
\calc@Acount=\count195
\calc@Bcount=\count196
\calc@Adimen=\dimen141
\calc@Bdimen=\dimen142
\calc@Askip=\skip50
\calc@Bskip=\skip51
LaTeX Info: Redefining \setlength on input line 80.
LaTeX Info: Redefining \addtolength on input line 81.
\calc@Ccount=\count197
\calc@Cskip=\skip52
)
(C:\Users\auria\AppData\Local\Programs\MiKTeX\tex/latex/eso-pic\eso-pic.sty
Package: eso-pic 2023/05/03 v3.0c eso-pic (RN)
\ESO@tempdima=\dimen143
\ESO@tempdimb=\dimen144

(C:\Users\auria\AppData\Local\Programs\MiKTeX\tex/latex/graphics\keyval.sty
Package: keyval 2022/05/29 v1.15 key=value parser (DPC)
\KV@toks@=\toks17
)
(C:\Users\auria\AppData\Local\Programs\MiKTeX\tex/latex/xcolor\xcolor.sty
Package: xcolor 2023/11/15 v3.01 LaTeX color extensions (UK)

(C:\Users\auria\AppData\Local\Programs\MiKTeX\tex/latex/graphics-cfg\color.cfg
File: color.cfg 2016/01/02 v1.6 sample color configuration
)
Package xcolor Info: Driver file: pdftex.def on input line 274.

(C:\Users\auria\AppData\Local\Programs\MiKTeX\tex/latex/graphics-def\pdftex.def
File: pdftex.def 2022/09/22 v1.2b Graphics/color driver for pdftex
)
(C:\Users\auria\AppData\Local\Programs\MiKTeX\tex/latex/graphics\mathcolor.ltx)
Package xcolor Info: Model `cmy' substituted by `cmy0' on input line 1350.
Package xcolor Info: Model `hsb' substituted by `rgb' on input line 1354.
Package xcolor Info: Model `RGB' extended on input line 1366.
Package xcolor Info: Model `HTML' substituted by `rgb' on input line 1368.
Package xcolor Info: Model `Hsb' substituted by `hsb' on input line 1369.
Package xcolor Info: Model `tHsb' substituted by `hsb' on input line 1370.
Package xcolor Info: Model `HSB' substituted by `hsb' on input line 1371.
Package xcolor Info: Model `Gray' substituted by `gray' on input line 1372.
Package xcolor Info: Model `wave' substituted by `hsb' on input line 1373.
))
(C:\Users\auria\AppData\Local\Programs\MiKTeX\tex/latex/etoolbox\etoolbox.sty
Package: etoolbox 2020/10/05 v2.5k e-TeX tools for LaTeX (JAW)
\etb@tempcnta=\count198
)
(C:\Users\auria\AppData\Local\Programs\MiKTeX\tex/latex/graphics\graphicx.sty
Package: graphicx 2021/09/16 v1.2d Enhanced LaTeX Graphics (DPC,SPQR)

(C:\Users\auria\AppData\Local\Programs\MiKTeX\tex/latex/graphics\graphics.sty
Package: graphics 2022/03/10 v1.4e Standard LaTeX Graphics (DPC,SPQR)

(C:\Users\auria\AppData\Local\Programs\MiKTeX\tex/latex/graphics\trig.sty
Package: trig 2021/08/11 v1.11 sin cos tan (DPC)
)
(C:\Users\auria\AppData\Local\Programs\MiKTeX\tex/latex/graphics-cfg\graphics.c
fg
File: graphics.cfg 2016/06/04 v1.11 sample graphics configuration
)
Package graphics Info: Driver file: pdftex.def on input line 107.
)
\Gin@req@height=\dimen145
\Gin@req@width=\dimen146
)
\AM@pagewidth=\dimen147
\AM@pageheight=\dimen148
\AM@fboxrule=\dimen149

(C:\Users\auria\AppData\Local\Programs\MiKTeX\tex/latex/pdfpages\pppdftex.def
File: pppdftex.def 2025/07/23 v0.6g Pdfpages driver for pdfTeX (AM)
)
\pdfpages@includegraphics@status=\count199
\AM@pagebox=\box51
\AM@global@opts=\toks18
\AM@pagecnt=\count266
\AM@toc@title=\toks19
\AM@lof@heading=\toks20
\c@AM@survey=\count267
\AM@templatesizebox=\box52
) (C:/PROGRA~1/R/R-44~1.3/share/texmf/tex/latex\Sweave.sty
Package: Sweave 

(C:\Users\auria\AppData\Local\Programs\MiKTeX\tex/generic/iftex\iftex.sty
Package: iftex 2022/02/03 v1.0f TeX engine tests
)
(C:\Users\auria\AppData\Local\Programs\MiKTeX\tex/latex/fancyvrb\fancyvrb.sty
Package: fancyvrb 2025/07/28 4.6 verbatim text (tvz,hv)
\FV@CodeLineNo=\count268
\FV@InFile=\read2
\FV@TabBox=\box53
\c@FancyVerbLine=\count269
\FV@StepNumber=\count270
\FV@OutFile=\write3
)
(C:\Users\auria\AppData\Local\Programs\MiKTeX\tex/latex/base\textcomp.sty
Package: textcomp 2020/02/02 v2.0n Standard LaTeX package
)
(C:\Users\auria\AppData\Local\Programs\MiKTeX\tex/latex/base\fontenc.sty
Package: fontenc 2021/04/29 v2.0v Standard LaTeX package
))
(C:\Users\auria\AppData\Local\Programs\MiKTeX\tex/latex/l3backend\l3backend-pdf
tex.def
File: l3backend-pdftex.def 2024-01-04 L3 backend support: PDF output (pdfTeX)
\l__color_backend_stack_int=\count271
\l__pdf_internal_box=\box54
) (doc.aux)
\openout1 = `doc.aux'.

LaTeX Font Info:    Checking defaults for OML/cmm/m/it on input line 8.
LaTeX Font Info:    ... okay on input line 8.
LaTeX Font Info:    Checking defaults for OMS/cmsy/m/n on input line 8.
LaTeX Font Info:    ... okay on input line 8.
LaTeX Font Info:    Checking defaults for OT1/cmr/m/n on input line 8.
LaTeX Font Info:    ... okay on input line 8.
LaTeX Font Info:    Checking defaults for T1/cmr/m/n on input line 8.
LaTeX Font Info:    ... okay on input line 8.
LaTeX Font Info:    Checking defaults for TS1/cmr/m/n on input line 8.
LaTeX Font Info:    ... okay on input line 8.
LaTeX Font Info:    Checking defaults for OMX/cmex/m/n on input line 8.
LaTeX Font Info:    ... okay on input line 8.
LaTeX Font Info:    Checking defaults for U/cmr/m/n on input line 8.
LaTeX Font Info:    ... okay on input line 8.

(C:\Users\auria\AppData\Local\Programs\MiKTeX\tex/context/base/mkii\supp-pdf.mk
ii
[Loading MPS to PDF converter (version 2006.09.02).]
\scratchcounter=\count272
\scratchdimen=\dimen150
\scratchbox=\box55
\nofMPsegments=\count273
\nofMParguments=\count274
\everyMPshowfont=\toks21
\MPscratchCnt=\count275
\MPscratchDim=\dimen151
\MPnumerator=\count276
\makeMPintoPDFobject=\count277
\everyMPtoPDFconversion=\toks22
)
(C:\Users\auria\AppData\Local\Programs\MiKTeX\tex/latex/epstopdf-pkg\epstopdf-b
ase.sty
Package: epstopdf-base 2020-01-24 v2.11 Base part for package epstopdf

(C:\Users\auria\AppData\Local\Programs\MiKTeX\tex/generic/infwarerr\infwarerr.s
ty
Package: infwarerr 2019/12/03 v1.5 Providing info/warning/error messages (HO)
) (C:\Users\auria\AppData\Local\Programs\MiKTeX\tex/latex/grfext\grfext.sty
Package: grfext 2019/12/03 v1.3 Manage graphics extensions (HO)

(C:\Users\auria\AppData\Local\Programs\MiKTeX\tex/generic/kvdefinekeys\kvdefine
keys.sty
Package: kvdefinekeys 2019-12-19 v1.6 Define keys (HO)
))
(C:\Users\auria\AppData\Local\Programs\MiKTeX\tex/latex/kvoptions\kvoptions.sty
Package: kvoptions 2022-06-15 v3.15 Key value format for package options (HO)
(C:\Users\auria\AppData\Local\Programs\MiKTeX\tex/generic/ltxcmds\ltxcmds.sty
Package: ltxcmds 2023-12-04 v1.26 LaTeX kernel commands for general use (HO)
)
(C:\Users\auria\AppData\Local\Programs\MiKTeX\tex/latex/kvsetkeys\kvsetkeys.sty
Package: kvsetkeys 2022-10-05 v1.19 Key value parser (HO)
))
(C:\Users\auria\AppData\Local\Programs\MiKTeX\tex/generic/pdftexcmds\pdftexcmds
.sty
Package: pdftexcmds 2020-06-27 v0.33 Utility functions of pdfTeX for LuaTeX (HO
)
Package pdftexcmds Info: \pdf@primitive is available.
Package pdftexcmds Info: \pdf@ifprimitive is available.
Package pdftexcmds Info: \pdfdraftmode found.
)
Package epstopdf-base Info: Redefining graphics rule for `.eps' on input line 4
85.
Package grfext Info: Graphics extension search list:
(grfext)             [.pdf,.png,.jpg,.mps,.jpeg,.jbig2,.jb2,.PDF,.PNG,.JPG,.JPE
G,.JBIG2,.JB2,.eps]
(grfext)             \AppendGraphicsExtensions on input line 504.

(C:\Users\auria\AppData\Local\Programs\MiKTeX\tex/latex/00miktex\epstopdf-sys.c
fg
File: epstopdf-sys.cfg 2021/03/18 v2.0 Configuration of epstopdf for MiKTeX
))
(C:\Users\auria\AppData\Local\Programs\MiKTeX\tex/latex/pdflscape\pdflscape.sty
Package: pdflscape 2022-10-27 v0.13 Display of landscape pages in PDF

(C:\Users\auria\AppData\Local\Programs\MiKTeX\tex/latex/pdflscape\pdflscape-nom
etadata.sty
Package: pdflscape-nometadata 2022-10-28 v0.13 Display of landscape pages in PD
F (HO)

(C:\Users\auria\AppData\Local\Programs\MiKTeX\tex/latex/graphics\lscape.sty
Package: lscape 2020/05/28 v3.02 Landscape Pages (DPC)
)
Package pdflscape Info: Auto-detected driver: pdftex on input line 81.
))
(doc-concordance.tex)
<Vignette___REMixed.pdf, id=2, 614.295pt x 794.97pt>
File: Vignette___REMixed.pdf Graphic file (type pdf)
<use Vignette___REMixed.pdf>
Package pdftex.def Info: Vignette___REMixed.pdf  used on input line 10.
(pdftex.def)             Requested size: 276.00105pt x 357.1752pt.
<Vignette___REMixed.pdf, id=4, page=1, 614.295pt x 794.97pt>
File: Vignette___REMixed.pdf Graphic file (type pdf)
<use Vignette___REMixed.pdf, page 1>
Package pdftex.def Info: Vignette___REMixed.pdf , page1 used on input line 10.
(pdftex.def)             Requested size: 614.29349pt x 794.96806pt.
File: Vignette___REMixed.pdf Graphic file (type pdf)
<use Vignette___REMixed.pdf, page 1>
Package pdftex.def Info: Vignette___REMixed.pdf , page1 used on input line 10.
(pdftex.def)             Requested size: 614.58406pt x 795.3441pt.
File: Vignette___REMixed.pdf Graphic file (type pdf)
<use Vignette___REMixed.pdf, page 1>
Package pdftex.def Info: Vignette___REMixed.pdf , page1 used on input line 10.
(pdftex.def)             Requested size: 614.58406pt x 795.3441pt.
File: Vignette___REMixed.pdf Graphic file (type pdf)
<use Vignette___REMixed.pdf, page 1>
Package pdftex.def Info: Vignette___REMixed.pdf , page1 used on input line 10.
(pdftex.def)             Requested size: 614.58406pt x 795.3441pt.
File: Vignette___REMixed.pdf Graphic file (type pdf)
<use Vignette___REMixed.pdf, page 1>
Package pdftex.def Info: Vignette___REMixed.pdf , page1 used on input line 10.
(pdftex.def)             Requested size: 614.58406pt x 795.3441pt.
 [1


 <./Vignette___REMixed.pdf{C:/Users/auria/AppData/Local/MiKTeX/fonts/map/pdftex
/pdftex.map}>]
<Vignette___REMixed.pdf, id=69, page=2, 614.295pt x 794.97pt>
File: Vignette___REMixed.pdf Graphic file (type pdf)
<use Vignette___REMixed.pdf, page 2>
Package pdftex.def Info: Vignette___REMixed.pdf , page2 used on input line 10.
(pdftex.def)             Requested size: 614.58406pt x 795.3441pt.
File: Vignette___REMixed.pdf Graphic file (type pdf)
<use Vignette___REMixed.pdf, page 2>
Package pdftex.def Info: Vignette___REMixed.pdf , page2 used on input line 10.
(pdftex.def)             Requested size: 614.58406pt x 795.3441pt.
File: Vignette___REMixed.pdf Graphic file (type pdf)
<use Vignette___REMixed.pdf, page 2>
Package pdftex.def Info: Vignette___REMixed.pdf , page2 used on input line 10.
(pdftex.def)             Requested size: 614.58406pt x 795.3441pt.
 [2

 <./Vignette___REMixed.pdf>]
<Vignette___REMixed.pdf, id=79, page=3, 614.295pt x 794.97pt>
File: Vignette___REMixed.pdf Graphic file (type pdf)
<use Vignette___REMixed.pdf, page 3>
Package pdftex.def Info: Vignette___REMixed.pdf , page3 used on input line 10.
(pdftex.def)             Requested size: 614.58406pt x 795.3441pt.
File: Vignette___REMixed.pdf Graphic file (type pdf)
<use Vignette___REMixed.pdf, page 3>
Package pdftex.def Info: Vignette___REMixed.pdf , page3 used on input line 10.
(pdftex.def)             Requested size: 614.58406pt x 795.3441pt.
File: Vignette___REMixed.pdf Graphic file (type pdf)
<use Vignette___REMixed.pdf, page 3>
Package pdftex.def Info: Vignette___REMixed.pdf , page3 used on input line 10.
(pdftex.def)             Requested size: 614.58406pt x 795.3441pt.
 [3

 <./Vignette___REMixed.pdf>]
<Vignette___REMixed.pdf, id=106, page=4, 614.295pt x 794.97pt>
File: Vignette___REMixed.pdf Graphic file (type pdf)
<use Vignette___REMixed.pdf, page 4>
Package pdftex.def Info: Vignette___REMixed.pdf , page4 used on input line 10.
(pdftex.def)             Requested size: 614.58406pt x 795.3441pt.
File: Vignette___REMixed.pdf Graphic file (type pdf)
<use Vignette___REMixed.pdf, page 4>
Package pdftex.def Info: Vignette___REMixed.pdf , page4 used on input line 10.
(pdftex.def)             Requested size: 614.58406pt x 795.3441pt.
File: Vignette___REMixed.pdf Graphic file (type pdf)
<use Vignette___REMixed.pdf, page 4>
Package pdftex.def Info: Vignette___REMixed.pdf , page4 used on input line 10.
(pdftex.def)             Requested size: 614.58406pt x 795.3441pt.
 [4

 <./Vignette___REMixed.pdf>]
<Vignette___REMixed.pdf, id=136, page=5, 614.295pt x 794.97pt>
File: Vignette___REMixed.pdf Graphic file (type pdf)
<use Vignette___REMixed.pdf, page 5>
Package pdftex.def Info: Vignette___REMixed.pdf , page5 used on input line 10.
(pdftex.def)             Requested size: 614.58406pt x 795.3441pt.
File: Vignette___REMixed.pdf Graphic file (type pdf)
<use Vignette___REMixed.pdf, page 5>
Package pdftex.def Info: Vignette___REMixed.pdf , page5 used on input line 10.
(pdftex.def)             Requested size: 614.58406pt x 795.3441pt.
File: Vignette___REMixed.pdf Graphic file (type pdf)
<use Vignette___REMixed.pdf, page 5>
Package pdftex.def Info: Vignette___REMixed.pdf , page5 used on input line 10.
(pdftex.def)             Requested size: 614.58406pt x 795.3441pt.
 [5

 <./Vignette___REMixed.pdf>]
<Vignette___REMixed.pdf, id=146, page=6, 614.295pt x 794.97pt>
File: Vignette___REMixed.pdf Graphic file (type pdf)
<use Vignette___REMixed.pdf, page 6>
Package pdftex.def Info: Vignette___REMixed.pdf , page6 used on input line 10.
(pdftex.def)             Requested size: 614.58406pt x 795.3441pt.
File: Vignette___REMixed.pdf Graphic file (type pdf)
<use Vignette___REMixed.pdf, page 6>
Package pdftex.def Info: Vignette___REMixed.pdf , page6 used on input line 10.
(pdftex.def)             Requested size: 614.58406pt x 795.3441pt.
File: Vignette___REMixed.pdf Graphic file (type pdf)
<use Vignette___REMixed.pdf, page 6>
Package pdftex.def Info: Vignette___REMixed.pdf , page6 used on input line 10.
(pdftex.def)             Requested size: 614.58406pt x 795.3441pt.
 [6

 <./Vignette___REMixed.pdf>]
<Vignette___REMixed.pdf, id=151, page=7, 614.295pt x 794.97pt>
File: Vignette___REMixed.pdf Graphic file (type pdf)
<use Vignette___REMixed.pdf, page 7>
Package pdftex.def Info: Vignette___REMixed.pdf , page7 used on input line 10.
(pdftex.def)             Requested size: 614.58406pt x 795.3441pt.
File: Vignette___REMixed.pdf Graphic file (type pdf)
<use Vignette___REMixed.pdf, page 7>
Package pdftex.def Info: Vignette___REMixed.pdf , page7 used on input line 10.
(pdftex.def)             Requested size: 614.58406pt x 795.3441pt.
File: Vignette___REMixed.pdf Graphic file (type pdf)
<use Vignette___REMixed.pdf, page 7>
Package pdftex.def Info: Vignette___REMixed.pdf , page7 used on input line 10.
(pdftex.def)             Requested size: 614.58406pt x 795.3441pt.
 [7

 <./Vignette___REMixed.pdf>]
<Vignette___REMixed.pdf, id=156, page=8, 614.295pt x 794.97pt>
File: Vignette___REMixed.pdf Graphic file (type pdf)
<use Vignette___REMixed.pdf, page 8>
Package pdftex.def Info: Vignette___REMixed.pdf , page8 used on input line 10.
(pdftex.def)             Requested size: 614.58406pt x 795.3441pt.
File: Vignette___REMixed.pdf Graphic file (type pdf)
<use Vignette___REMixed.pdf, page 8>
Package pdftex.def Info: Vignette___REMixed.pdf , page8 used on input line 10.
(pdftex.def)             Requested size: 614.58406pt x 795.3441pt.
File: Vignette___REMixed.pdf Graphic file (type pdf)
<use Vignette___REMixed.pdf, page 8>
Package pdftex.def Info: Vignette___REMixed.pdf , page8 used on input line 10.
(pdftex.def)             Requested size: 614.58406pt x 795.3441pt.
 [8

 <./Vignette___REMixed.pdf>]
<Vignette___REMixed.pdf, id=172, page=9, 614.295pt x 794.97pt>
File: Vignette___REMixed.pdf Graphic file (type pdf)
<use Vignette___REMixed.pdf, page 9>
Package pdftex.def Info: Vignette___REMixed.pdf , page9 used on input line 10.
(pdftex.def)             Requested size: 614.58406pt x 795.3441pt.
File: Vignette___REMixed.pdf Graphic file (type pdf)
<use Vignette___REMixed.pdf, page 9>
Package pdftex.def Info: Vignette___REMixed.pdf , page9 used on input line 10.
(pdftex.def)             Requested size: 614.58406pt x 795.3441pt.
File: Vignette___REMixed.pdf Graphic file (type pdf)
<use Vignette___REMixed.pdf, page 9>
Package pdftex.def Info: Vignette___REMixed.pdf , page9 used on input line 10.
(pdftex.def)             Requested size: 614.58406pt x 795.3441pt.
 [9

 <./Vignette___REMixed.pdf>]
<Vignette___REMixed.pdf, id=183, page=10, 614.295pt x 794.97pt>
File: Vignette___REMixed.pdf Graphic file (type pdf)
<use Vignette___REMixed.pdf, page 10>
Package pdftex.def Info: Vignette___REMixed.pdf , page10 used on input line 10.

(pdftex.def)             Requested size: 614.58406pt x 795.3441pt.
File: Vignette___REMixed.pdf Graphic file (type pdf)
<use Vignette___REMixed.pdf, page 10>
Package pdftex.def Info: Vignette___REMixed.pdf , page10 used on input line 10.

(pdftex.def)             Requested size: 614.58406pt x 795.3441pt.
File: Vignette___REMixed.pdf Graphic file (type pdf)
<use Vignette___REMixed.pdf, page 10>
Package pdftex.def Info: Vignette___REMixed.pdf , page10 used on input line 10.

(pdftex.def)             Requested size: 614.58406pt x 795.3441pt.
 [10

 <./Vignette___REMixed.pdf>]
<Vignette___REMixed.pdf, id=199, page=11, 614.295pt x 794.97pt>
File: Vignette___REMixed.pdf Graphic file (type pdf)
<use Vignette___REMixed.pdf, page 11>
Package pdftex.def Info: Vignette___REMixed.pdf , page11 used on input line 10.

(pdftex.def)             Requested size: 614.58406pt x 795.3441pt.
File: Vignette___REMixed.pdf Graphic file (type pdf)
<use Vignette___REMixed.pdf, page 11>
Package pdftex.def Info: Vignette___REMixed.pdf , page11 used on input line 10.

(pdftex.def)             Requested size: 614.58406pt x 795.3441pt.
File: Vignette___REMixed.pdf Graphic file (type pdf)
<use Vignette___REMixed.pdf, page 11>
Package pdftex.def Info: Vignette___REMixed.pdf , page11 used on input line 10.

(pdftex.def)             Requested size: 614.58406pt x 795.3441pt.
 [11

 <./Vignette___REMixed.pdf>]
<Vignette___REMixed.pdf, id=203, page=12, 614.295pt x 794.97pt>
File: Vignette___REMixed.pdf Graphic file (type pdf)
<use Vignette___REMixed.pdf, page 12>
Package pdftex.def Info: Vignette___REMixed.pdf , page12 used on input line 10.

(pdftex.def)             Requested size: 614.58406pt x 795.3441pt.
File: Vignette___REMixed.pdf Graphic file (type pdf)
<use Vignette___REMixed.pdf, page 12>
Package pdftex.def Info: Vignette___REMixed.pdf , page12 used on input line 10.

(pdftex.def)             Requested size: 614.58406pt x 795.3441pt.
File: Vignette___REMixed.pdf Graphic file (type pdf)
<use Vignette___REMixed.pdf, page 12>
Package pdftex.def Info: Vignette___REMixed.pdf , page12 used on input line 10.

(pdftex.def)             Requested size: 614.58406pt x 795.3441pt.
 [12

 <./Vignette___REMixed.pdf>]
<Vignette___REMixed.pdf, id=221, page=13, 614.295pt x 794.97pt>
File: Vignette___REMixed.pdf Graphic file (type pdf)
<use Vignette___REMixed.pdf, page 13>
Package pdftex.def Info: Vignette___REMixed.pdf , page13 used on input line 10.

(pdftex.def)             Requested size: 614.58406pt x 795.3441pt.
File: Vignette___REMixed.pdf Graphic file (type pdf)
<use Vignette___REMixed.pdf, page 13>
Package pdftex.def Info: Vignette___REMixed.pdf , page13 used on input line 10.

(pdftex.def)             Requested size: 614.58406pt x 795.3441pt.
File: Vignette___REMixed.pdf Graphic file (type pdf)
<use Vignette___REMixed.pdf, page 13>
Package pdftex.def Info: Vignette___REMixed.pdf , page13 used on input line 10.

(pdftex.def)             Requested size: 614.58406pt x 795.3441pt.
 [13

 <./Vignette___REMixed.pdf>]
<Vignette___REMixed.pdf, id=226, page=14, 614.295pt x 794.97pt>
File: Vignette___REMixed.pdf Graphic file (type pdf)
<use Vignette___REMixed.pdf, page 14>
Package pdftex.def Info: Vignette___REMixed.pdf , page14 used on input line 10.

(pdftex.def)             Requested size: 614.58406pt x 795.3441pt.
File: Vignette___REMixed.pdf Graphic file (type pdf)
<use Vignette___REMixed.pdf, page 14>
Package pdftex.def Info: Vignette___REMixed.pdf , page14 used on input line 10.

(pdftex.def)             Requested size: 614.58406pt x 795.3441pt.
File: Vignette___REMixed.pdf Graphic file (type pdf)
<use Vignette___REMixed.pdf, page 14>
Package pdftex.def Info: Vignette___REMixed.pdf , page14 used on input line 10.

(pdftex.def)             Requested size: 614.58406pt x 795.3441pt.
 [14

 <./Vignette___REMixed.pdf>]
<Vignette___REMixed.pdf, id=230, page=15, 614.295pt x 794.97pt>
File: Vignette___REMixed.pdf Graphic file (type pdf)
<use Vignette___REMixed.pdf, page 15>
Package pdftex.def Info: Vignette___REMixed.pdf , page15 used on input line 10.

(pdftex.def)             Requested size: 614.58406pt x 795.3441pt.
File: Vignette___REMixed.pdf Graphic file (type pdf)
<use Vignette___REMixed.pdf, page 15>
Package pdftex.def Info: Vignette___REMixed.pdf , page15 used on input line 10.

(pdftex.def)             Requested size: 614.58406pt x 795.3441pt.
File: Vignette___REMixed.pdf Graphic file (type pdf)
<use Vignette___REMixed.pdf, page 15>
Package pdftex.def Info: Vignette___REMixed.pdf , page15 used on input line 10.

(pdftex.def)             Requested size: 614.58406pt x 795.3441pt.
 [15

 <./Vignette___REMixed.pdf>]
<Vignette___REMixed.pdf, id=236, page=16, 614.295pt x 794.97pt>
File: Vignette___REMixed.pdf Graphic file (type pdf)
<use Vignette___REMixed.pdf, page 16>
Package pdftex.def Info: Vignette___REMixed.pdf , page16 used on input line 10.

(pdftex.def)             Requested size: 614.58406pt x 795.3441pt.
File: Vignette___REMixed.pdf Graphic file (type pdf)
<use Vignette___REMixed.pdf, page 16>
Package pdftex.def Info: Vignette___REMixed.pdf , page16 used on input line 10.

(pdftex.def)             Requested size: 614.58406pt x 795.3441pt.
File: Vignette___REMixed.pdf Graphic file (type pdf)
<use Vignette___REMixed.pdf, page 16>
Package pdftex.def Info: Vignette___REMixed.pdf , page16 used on input line 10.

(pdftex.def)             Requested size: 614.58406pt x 795.3441pt.
 [16

 <./Vignette___REMixed.pdf>]
<Vignette___REMixed.pdf, id=247, page=17, 614.295pt x 794.97pt>
File: Vignette___REMixed.pdf Graphic file (type pdf)
<use Vignette___REMixed.pdf, page 17>
Package pdftex.def Info: Vignette___REMixed.pdf , page17 used on input line 10.

(pdftex.def)             Requested size: 614.58406pt x 795.3441pt.
File: Vignette___REMixed.pdf Graphic file (type pdf)
<use Vignette___REMixed.pdf, page 17>
Package pdftex.def Info: Vignette___REMixed.pdf , page17 used on input line 10.

(pdftex.def)             Requested size: 614.58406pt x 795.3441pt.
File: Vignette___REMixed.pdf Graphic file (type pdf)
<use Vignette___REMixed.pdf, page 17>
Package pdftex.def Info: Vignette___REMixed.pdf , page17 used on input line 10.

(pdftex.def)             Requested size: 614.58406pt x 795.3441pt.
 [17

 <./Vignette___REMixed.pdf>]
<Vignette___REMixed.pdf, id=259, page=18, 614.295pt x 794.97pt>
File: Vignette___REMixed.pdf Graphic file (type pdf)
<use Vignette___REMixed.pdf, page 18>
Package pdftex.def Info: Vignette___REMixed.pdf , page18 used on input line 10.

(pdftex.def)             Requested size: 614.58406pt x 795.3441pt.
File: Vignette___REMixed.pdf Graphic file (type pdf)
<use Vignette___REMixed.pdf, page 18>
Package pdftex.def Info: Vignette___REMixed.pdf , page18 used on input line 10.

(pdftex.def)             Requested size: 614.58406pt x 795.3441pt.
File: Vignette___REMixed.pdf Graphic file (type pdf)
<use Vignette___REMixed.pdf, page 18>
Package pdftex.def Info: Vignette___REMixed.pdf , page18 used on input line 10.

(pdftex.def)             Requested size: 614.58406pt x 795.3441pt.
 [18

 <./Vignette___REMixed.pdf>]
<Vignette___REMixed.pdf, id=270, page=19, 614.295pt x 794.97pt>
File: Vignette___REMixed.pdf Graphic file (type pdf)
<use Vignette___REMixed.pdf, page 19>
Package pdftex.def Info: Vignette___REMixed.pdf , page19 used on input line 10.

(pdftex.def)             Requested size: 614.58406pt x 795.3441pt.
File: Vignette___REMixed.pdf Graphic file (type pdf)
<use Vignette___REMixed.pdf, page 19>
Package pdftex.def Info: Vignette___REMixed.pdf , page19 used on input line 10.

(pdftex.def)             Requested size: 614.58406pt x 795.3441pt.
File: Vignette___REMixed.pdf Graphic file (type pdf)
<use Vignette___REMixed.pdf, page 19>
Package pdftex.def Info: Vignette___REMixed.pdf , page19 used on input line 10.

(pdftex.def)             Requested size: 614.58406pt x 795.3441pt.
 [19

 <./Vignette___REMixed.pdf>]
<Vignette___REMixed.pdf, id=277, page=20, 614.295pt x 794.97pt>
File: Vignette___REMixed.pdf Graphic file (type pdf)
<use Vignette___REMixed.pdf, page 20>
Package pdftex.def Info: Vignette___REMixed.pdf , page20 used on input line 10.

(pdftex.def)             Requested size: 614.58406pt x 795.3441pt.
File: Vignette___REMixed.pdf Graphic file (type pdf)
<use Vignette___REMixed.pdf, page 20>
Package pdftex.def Info: Vignette___REMixed.pdf , page20 used on input line 10.

(pdftex.def)             Requested size: 614.58406pt x 795.3441pt.
File: Vignette___REMixed.pdf Graphic file (type pdf)
<use Vignette___REMixed.pdf, page 20>
Package pdftex.def Info: Vignette___REMixed.pdf , page20 used on input line 10.

(pdftex.def)             Requested size: 614.58406pt x 795.3441pt.
 [20

 <./Vignette___REMixed.pdf>]
<Vignette___REMixed.pdf, id=288, page=21, 614.295pt x 794.97pt>
File: Vignette___REMixed.pdf Graphic file (type pdf)
<use Vignette___REMixed.pdf, page 21>
Package pdftex.def Info: Vignette___REMixed.pdf , page21 used on input line 10.

(pdftex.def)             Requested size: 614.58406pt x 795.3441pt.
File: Vignette___REMixed.pdf Graphic file (type pdf)
<use Vignette___REMixed.pdf, page 21>
Package pdftex.def Info: Vignette___REMixed.pdf , page21 used on input line 10.

(pdftex.def)             Requested size: 614.58406pt x 795.3441pt.
File: Vignette___REMixed.pdf Graphic file (type pdf)
<use Vignette___REMixed.pdf, page 21>
Package pdftex.def Info: Vignette___REMixed.pdf , page21 used on input line 10.

(pdftex.def)             Requested size: 614.58406pt x 795.3441pt.
 [21

 <./Vignette___REMixed.pdf>]
<Vignette___REMixed.pdf, id=292, page=22, 614.295pt x 794.97pt>
File: Vignette___REMixed.pdf Graphic file (type pdf)
<use Vignette___REMixed.pdf, page 22>
Package pdftex.def Info: Vignette___REMixed.pdf , page22 used on input line 10.

(pdftex.def)             Requested size: 614.58406pt x 795.3441pt.
File: Vignette___REMixed.pdf Graphic file (type pdf)
<use Vignette___REMixed.pdf, page 22>
Package pdftex.def Info: Vignette___REMixed.pdf , page22 used on input line 10.

(pdftex.def)             Requested size: 614.58406pt x 795.3441pt.
File: Vignette___REMixed.pdf Graphic file (type pdf)
<use Vignette___REMixed.pdf, page 22>
Package pdftex.def Info: Vignette___REMixed.pdf , page22 used on input line 10.

(pdftex.def)             Requested size: 614.58406pt x 795.3441pt.
 [22

 <./Vignette___REMixed.pdf>]
<Vignette___REMixed.pdf, id=296, page=23, 614.295pt x 794.97pt>
File: Vignette___REMixed.pdf Graphic file (type pdf)
<use Vignette___REMixed.pdf, page 23>
Package pdftex.def Info: Vignette___REMixed.pdf , page23 used on input line 10.

(pdftex.def)             Requested size: 614.58406pt x 795.3441pt.
File: Vignette___REMixed.pdf Graphic file (type pdf)
<use Vignette___REMixed.pdf, page 23>
Package pdftex.def Info: Vignette___REMixed.pdf , page23 used on input line 10.

(pdftex.def)             Requested size: 614.58406pt x 795.3441pt.
File: Vignette___REMixed.pdf Graphic file (type pdf)
<use Vignette___REMixed.pdf, page 23>
Package pdftex.def Info: Vignette___REMixed.pdf , page23 used on input line 10.

(pdftex.def)             Requested size: 614.58406pt x 795.3441pt.
 [23

 <./Vignette___REMixed.pdf>]
<Vignette___REMixed.pdf, id=303, page=24, 614.295pt x 794.97pt>
File: Vignette___REMixed.pdf Graphic file (type pdf)
<use Vignette___REMixed.pdf, page 24>
Package pdftex.def Info: Vignette___REMixed.pdf , page24 used on input line 10.

(pdftex.def)             Requested size: 614.58406pt x 795.3441pt.
File: Vignette___REMixed.pdf Graphic file (type pdf)
<use Vignette___REMixed.pdf, page 24>
Package pdftex.def Info: Vignette___REMixed.pdf , page24 used on input line 10.

(pdftex.def)             Requested size: 614.58406pt x 795.3441pt.
File: Vignette___REMixed.pdf Graphic file (type pdf)
<use Vignette___REMixed.pdf, page 24>
Package pdftex.def Info: Vignette___REMixed.pdf , page24 used on input line 10.

(pdftex.def)             Requested size: 614.58406pt x 795.3441pt.
 [24

 <./Vignette___REMixed.pdf>]
<Vignette___REMixed.pdf, id=307, page=25, 614.295pt x 794.97pt>
File: Vignette___REMixed.pdf Graphic file (type pdf)
<use Vignette___REMixed.pdf, page 25>
Package pdftex.def Info: Vignette___REMixed.pdf , page25 used on input line 10.

(pdftex.def)             Requested size: 614.58406pt x 795.3441pt.
File: Vignette___REMixed.pdf Graphic file (type pdf)
<use Vignette___REMixed.pdf, page 25>
Package pdftex.def Info: Vignette___REMixed.pdf , page25 used on input line 10.

(pdftex.def)             Requested size: 614.58406pt x 795.3441pt.
File: Vignette___REMixed.pdf Graphic file (type pdf)
<use Vignette___REMixed.pdf, page 25>
Package pdftex.def Info: Vignette___REMixed.pdf , page25 used on input line 10.

(pdftex.def)             Requested size: 614.58406pt x 795.3441pt.
 [25

 <./Vignette___REMixed.pdf>]
<Vignette___REMixed.pdf, id=312, page=26, 614.295pt x 794.97pt>
File: Vignette___REMixed.pdf Graphic file (type pdf)
<use Vignette___REMixed.pdf, page 26>
Package pdftex.def Info: Vignette___REMixed.pdf , page26 used on input line 10.

(pdftex.def)             Requested size: 614.58406pt x 795.3441pt.
File: Vignette___REMixed.pdf Graphic file (type pdf)
<use Vignette___REMixed.pdf, page 26>
Package pdftex.def Info: Vignette___REMixed.pdf , page26 used on input line 10.

(pdftex.def)             Requested size: 614.58406pt x 795.3441pt.
File: Vignette___REMixed.pdf Graphic file (type pdf)
<use Vignette___REMixed.pdf, page 26>
Package pdftex.def Info: Vignette___REMixed.pdf , page26 used on input line 10.

(pdftex.def)             Requested size: 614.58406pt x 795.3441pt.
 [26

 <./Vignette___REMixed.pdf>]
<Vignette___REMixed.pdf, id=323, page=27, 614.295pt x 794.97pt>
File: Vignette___REMixed.pdf Graphic file (type pdf)
<use Vignette___REMixed.pdf, page 27>
Package pdftex.def Info: Vignette___REMixed.pdf , page27 used on input line 10.

(pdftex.def)             Requested size: 614.58406pt x 795.3441pt.
File: Vignette___REMixed.pdf Graphic file (type pdf)
<use Vignette___REMixed.pdf, page 27>
Package pdftex.def Info: Vignette___REMixed.pdf , page27 used on input line 10.

(pdftex.def)             Requested size: 614.58406pt x 795.3441pt.
File: Vignette___REMixed.pdf Graphic file (type pdf)
<use Vignette___REMixed.pdf, page 27>
Package pdftex.def Info: Vignette___REMixed.pdf , page27 used on input line 10.

(pdftex.def)             Requested size: 614.58406pt x 795.3441pt.
 [27

 <./Vignette___REMixed.pdf>]
<Vignette___REMixed.pdf, id=327, page=28, 614.295pt x 794.97pt>
File: Vignette___REMixed.pdf Graphic file (type pdf)
<use Vignette___REMixed.pdf, page 28>
Package pdftex.def Info: Vignette___REMixed.pdf , page28 used on input line 10.

(pdftex.def)             Requested size: 614.58406pt x 795.3441pt.
File: Vignette___REMixed.pdf Graphic file (type pdf)
<use Vignette___REMixed.pdf, page 28>
Package pdftex.def Info: Vignette___REMixed.pdf , page28 used on input line 10.

(pdftex.def)             Requested size: 614.58406pt x 795.3441pt.
File: Vignette___REMixed.pdf Graphic file (type pdf)
<use Vignette___REMixed.pdf, page 28>
Package pdftex.def Info: Vignette___REMixed.pdf , page28 used on input line 10.

(pdftex.def)             Requested size: 614.58406pt x 795.3441pt.

[28

 <./Vignette___REMixed.pdf>]
<Vignette___REMixed.pdf, id=331, page=29, 614.295pt x 794.97pt>
File: Vignette___REMixed.pdf Graphic file (type pdf)
<use Vignette___REMixed.pdf, page 29>
Package pdftex.def Info: Vignette___REMixed.pdf , page29 used on input line 10.

(pdftex.def)             Requested size: 614.58406pt x 795.3441pt.
File: Vignette___REMixed.pdf Graphic file (type pdf)
<use Vignette___REMixed.pdf, page 29>
Package pdftex.def Info: Vignette___REMixed.pdf , page29 used on input line 10.

(pdftex.def)             Requested size: 614.58406pt x 795.3441pt.
File: Vignette___REMixed.pdf Graphic file (type pdf)
<use Vignette___REMixed.pdf, page 29>
Package pdftex.def Info: Vignette___REMixed.pdf , page29 used on input line 10.

(pdftex.def)             Requested size: 614.58406pt x 795.3441pt.
 [29

 <./Vignette___REMixed.pdf>]
<Vignette___REMixed.pdf, id=341, page=30, 614.295pt x 794.97pt>
File: Vignette___REMixed.pdf Graphic file (type pdf)
<use Vignette___REMixed.pdf, page 30>
Package pdftex.def Info: Vignette___REMixed.pdf , page30 used on input line 10.

(pdftex.def)             Requested size: 614.58406pt x 795.3441pt.
File: Vignette___REMixed.pdf Graphic file (type pdf)
<use Vignette___REMixed.pdf, page 30>
Package pdftex.def Info: Vignette___REMixed.pdf , page30 used on input line 10.

(pdftex.def)             Requested size: 614.58406pt x 795.3441pt.
File: Vignette___REMixed.pdf Graphic file (type pdf)
<use Vignette___REMixed.pdf, page 30>
Package pdftex.def Info: Vignette___REMixed.pdf , page30 used on input line 10.

(pdftex.def)             Requested size: 614.58406pt x 795.3441pt.
 [30

 <./Vignette___REMixed.pdf>]
<Vignette___REMixed.pdf, id=345, page=31, 614.295pt x 794.97pt>
File: Vignette___REMixed.pdf Graphic file (type pdf)
<use Vignette___REMixed.pdf, page 31>
Package pdftex.def Info: Vignette___REMixed.pdf , page31 used on input line 10.

(pdftex.def)             Requested size: 614.58406pt x 795.3441pt.
File: Vignette___REMixed.pdf Graphic file (type pdf)
<use Vignette___REMixed.pdf, page 31>
Package pdftex.def Info: Vignette___REMixed.pdf , page31 used on input line 10.

(pdftex.def)             Requested size: 614.58406pt x 795.3441pt.
File: Vignette___REMixed.pdf Graphic file (type pdf)
<use Vignette___REMixed.pdf, page 31>
Package pdftex.def Info: Vignette___REMixed.pdf , page31 used on input line 10.

(pdftex.def)             Requested size: 614.58406pt x 795.3441pt.
 [31

 <./Vignette___REMixed.pdf>]
<Vignette___REMixed.pdf, id=350, page=32, 614.295pt x 794.97pt>
File: Vignette___REMixed.pdf Graphic file (type pdf)
<use Vignette___REMixed.pdf, page 32>
Package pdftex.def Info: Vignette___REMixed.pdf , page32 used on input line 10.

(pdftex.def)             Requested size: 614.58406pt x 795.3441pt.
File: Vignette___REMixed.pdf Graphic file (type pdf)
<use Vignette___REMixed.pdf, page 32>
Package pdftex.def Info: Vignette___REMixed.pdf , page32 used on input line 10.

(pdftex.def)             Requested size: 614.58406pt x 795.3441pt.
File: Vignette___REMixed.pdf Graphic file (type pdf)
<use Vignette___REMixed.pdf, page 32>
Package pdftex.def Info: Vignette___REMixed.pdf , page32 used on input line 10.

(pdftex.def)             Requested size: 614.58406pt x 795.3441pt.
 [32

 <./Vignette___REMixed.pdf>]
<Vignette___REMixed.pdf, id=354, page=33, 614.295pt x 794.97pt>
File: Vignette___REMixed.pdf Graphic file (type pdf)
<use Vignette___REMixed.pdf, page 33>
Package pdftex.def Info: Vignette___REMixed.pdf , page33 used on input line 10.

(pdftex.def)             Requested size: 614.58406pt x 795.3441pt.
File: Vignette___REMixed.pdf Graphic file (type pdf)
<use Vignette___REMixed.pdf, page 33>
Package pdftex.def Info: Vignette___REMixed.pdf , page33 used on input line 10.

(pdftex.def)             Requested size: 614.58406pt x 795.3441pt.
File: Vignette___REMixed.pdf Graphic file (type pdf)
<use Vignette___REMixed.pdf, page 33>
Package pdftex.def Info: Vignette___REMixed.pdf , page33 used on input line 10.

(pdftex.def)             Requested size: 614.58406pt x 795.3441pt.
 [33

 <./Vignette___REMixed.pdf>]
<Vignette___REMixed.pdf, id=358, page=34, 614.295pt x 794.97pt>
File: Vignette___REMixed.pdf Graphic file (type pdf)
<use Vignette___REMixed.pdf, page 34>
Package pdftex.def Info: Vignette___REMixed.pdf , page34 used on input line 10.

(pdftex.def)             Requested size: 614.58406pt x 795.3441pt.
File: Vignette___REMixed.pdf Graphic file (type pdf)
<use Vignette___REMixed.pdf, page 34>
Package pdftex.def Info: Vignette___REMixed.pdf , page34 used on input line 10.

(pdftex.def)             Requested size: 614.58406pt x 795.3441pt.
File: Vignette___REMixed.pdf Graphic file (type pdf)
<use Vignette___REMixed.pdf, page 34>
Package pdftex.def Info: Vignette___REMixed.pdf , page34 used on input line 10.

(pdftex.def)             Requested size: 614.58406pt x 795.3441pt.
 [34

 <./Vignette___REMixed.pdf>]
<Vignette___REMixed.pdf, id=362, page=35, 614.295pt x 794.97pt>
File: Vignette___REMixed.pdf Graphic file (type pdf)
<use Vignette___REMixed.pdf, page 35>
Package pdftex.def Info: Vignette___REMixed.pdf , page35 used on input line 10.

(pdftex.def)             Requested size: 614.58406pt x 795.3441pt.
File: Vignette___REMixed.pdf Graphic file (type pdf)
<use Vignette___REMixed.pdf, page 35>
Package pdftex.def Info: Vignette___REMixed.pdf , page35 used on input line 10.

(pdftex.def)             Requested size: 614.58406pt x 795.3441pt.
File: Vignette___REMixed.pdf Graphic file (type pdf)
<use Vignette___REMixed.pdf, page 35>
Package pdftex.def Info: Vignette___REMixed.pdf , page35 used on input line 10.

(pdftex.def)             Requested size: 614.58406pt x 795.3441pt.
 [35

 <./Vignette___REMixed.pdf>]
<Vignette___REMixed.pdf, id=366, page=36, 614.295pt x 794.97pt>
File: Vignette___REMixed.pdf Graphic file (type pdf)
<use Vignette___REMixed.pdf, page 36>
Package pdftex.def Info: Vignette___REMixed.pdf , page36 used on input line 10.

(pdftex.def)             Requested size: 614.58406pt x 795.3441pt.
File: Vignette___REMixed.pdf Graphic file (type pdf)
<use Vignette___REMixed.pdf, page 36>
Package pdftex.def Info: Vignette___REMixed.pdf , page36 used on input line 10.

(pdftex.def)             Requested size: 614.58406pt x 795.3441pt.
File: Vignette___REMixed.pdf Graphic file (type pdf)
<use Vignette___REMixed.pdf, page 36>
Package pdftex.def Info: Vignette___REMixed.pdf , page36 used on input line 10.

(pdftex.def)             Requested size: 614.58406pt x 795.3441pt.
 [36

 <./Vignette___REMixed.pdf>]
<Vignette___REMixed.pdf, id=370, page=37, 614.295pt x 794.97pt>
File: Vignette___REMixed.pdf Graphic file (type pdf)
<use Vignette___REMixed.pdf, page 37>
Package pdftex.def Info: Vignette___REMixed.pdf , page37 used on input line 10.

(pdftex.def)             Requested size: 614.58406pt x 795.3441pt.
File: Vignette___REMixed.pdf Graphic file (type pdf)
<use Vignette___REMixed.pdf, page 37>
Package pdftex.def Info: Vignette___REMixed.pdf , page37 used on input line 10.

(pdftex.def)             Requested size: 614.58406pt x 795.3441pt.
File: Vignette___REMixed.pdf Graphic file (type pdf)
<use Vignette___REMixed.pdf, page 37>
Package pdftex.def Info: Vignette___REMixed.pdf , page37 used on input line 10.

(pdftex.def)             Requested size: 614.58406pt x 795.3441pt.
 [37

 <./Vignette___REMixed.pdf>]
<Vignette___REMixed.pdf, id=375, page=38, 614.295pt x 794.97pt>
File: Vignette___REMixed.pdf Graphic file (type pdf)
<use Vignette___REMixed.pdf, page 38>
Package pdftex.def Info: Vignette___REMixed.pdf , page38 used on input line 10.

(pdftex.def)             Requested size: 614.58406pt x 795.3441pt.
File: Vignette___REMixed.pdf Graphic file (type pdf)
<use Vignette___REMixed.pdf, page 38>
Package pdftex.def Info: Vignette___REMixed.pdf , page38 used on input line 10.

(pdftex.def)             Requested size: 614.58406pt x 795.3441pt.
File: Vignette___REMixed.pdf Graphic file (type pdf)
<use Vignette___REMixed.pdf, page 38>
Package pdftex.def Info: Vignette___REMixed.pdf , page38 used on input line 10.

(pdftex.def)             Requested size: 614.58406pt x 795.3441pt.
 [38

 <./Vignette___REMixed.pdf>]
<Vignette___REMixed.pdf, id=379, page=39, 614.295pt x 794.97pt>
File: Vignette___REMixed.pdf Graphic file (type pdf)
<use Vignette___REMixed.pdf, page 39>
Package pdftex.def Info: Vignette___REMixed.pdf , page39 used on input line 10.

(pdftex.def)             Requested size: 614.58406pt x 795.3441pt.
File: Vignette___REMixed.pdf Graphic file (type pdf)
<use Vignette___REMixed.pdf, page 39>
Package pdftex.def Info: Vignette___REMixed.pdf , page39 used on input line 10.

(pdftex.def)             Requested size: 614.58406pt x 795.3441pt.
File: Vignette___REMixed.pdf Graphic file (type pdf)
<use Vignette___REMixed.pdf, page 39>
Package pdftex.def Info: Vignette___REMixed.pdf , page39 used on input line 10.

(pdftex.def)             Requested size: 614.58406pt x 795.3441pt.
 [39

 <./Vignette___REMixed.pdf>]
<Vignette___REMixed.pdf, id=383, page=40, 614.295pt x 794.97pt>
File: Vignette___REMixed.pdf Graphic file (type pdf)
<use Vignette___REMixed.pdf, page 40>
Package pdftex.def Info: Vignette___REMixed.pdf , page40 used on input line 10.

(pdftex.def)             Requested size: 614.58406pt x 795.3441pt.
File: Vignette___REMixed.pdf Graphic file (type pdf)
<use Vignette___REMixed.pdf, page 40>
Package pdftex.def Info: Vignette___REMixed.pdf , page40 used on input line 10.

(pdftex.def)             Requested size: 614.58406pt x 795.3441pt.
File: Vignette___REMixed.pdf Graphic file (type pdf)
<use Vignette___REMixed.pdf, page 40>
Package pdftex.def Info: Vignette___REMixed.pdf , page40 used on input line 10.

(pdftex.def)             Requested size: 614.58406pt x 795.3441pt.
 [40

 <./Vignette___REMixed.pdf>]
<Vignette___REMixed.pdf, id=387, page=41, 614.295pt x 794.97pt>
File: Vignette___REMixed.pdf Graphic file (type pdf)
<use Vignette___REMixed.pdf, page 41>
Package pdftex.def Info: Vignette___REMixed.pdf , page41 used on input line 10.

(pdftex.def)             Requested size: 614.58406pt x 795.3441pt.
File: Vignette___REMixed.pdf Graphic file (type pdf)
<use Vignette___REMixed.pdf, page 41>
Package pdftex.def Info: Vignette___REMixed.pdf , page41 used on input line 10.

(pdftex.def)             Requested size: 614.58406pt x 795.3441pt.
File: Vignette___REMixed.pdf Graphic file (type pdf)
<use Vignette___REMixed.pdf, page 41>
Package pdftex.def Info: Vignette___REMixed.pdf , page41 used on input line 10.

(pdftex.def)             Requested size: 614.58406pt x 795.3441pt.
 [41

 <./Vignette___REMixed.pdf>]
<Vignette___REMixed.pdf, id=391, page=42, 614.295pt x 794.97pt>
File: Vignette___REMixed.pdf Graphic file (type pdf)
<use Vignette___REMixed.pdf, page 42>
Package pdftex.def Info: Vignette___REMixed.pdf , page42 used on input line 10.

(pdftex.def)             Requested size: 614.58406pt x 795.3441pt.
File: Vignette___REMixed.pdf Graphic file (type pdf)
<use Vignette___REMixed.pdf, page 42>
Package pdftex.def Info: Vignette___REMixed.pdf , page42 used on input line 10.

(pdftex.def)             Requested size: 614.58406pt x 795.3441pt.
File: Vignette___REMixed.pdf Graphic file (type pdf)
<use Vignette___REMixed.pdf, page 42>
Package pdftex.def Info: Vignette___REMixed.pdf , page42 used on input line 10.

(pdftex.def)             Requested size: 614.58406pt x 795.3441pt.
 [42

 <./Vignette___REMixed.pdf>]
<Vignette___REMixed.pdf, id=395, page=43, 614.295pt x 794.97pt>
File: Vignette___REMixed.pdf Graphic file (type pdf)
<use Vignette___REMixed.pdf, page 43>
Package pdftex.def Info: Vignette___REMixed.pdf , page43 used on input line 10.

(pdftex.def)             Requested size: 614.58406pt x 795.3441pt.
File: Vignette___REMixed.pdf Graphic file (type pdf)
<use Vignette___REMixed.pdf, page 43>
Package pdftex.def Info: Vignette___REMixed.pdf , page43 used on input line 10.

(pdftex.def)             Requested size: 614.58406pt x 795.3441pt.
File: Vignette___REMixed.pdf Graphic file (type pdf)
<use Vignette___REMixed.pdf, page 43>
Package pdftex.def Info: Vignette___REMixed.pdf , page43 used on input line 10.

(pdftex.def)             Requested size: 614.58406pt x 795.3441pt.
 [43

 <./Vignette___REMixed.pdf>]
<Vignette___REMixed.pdf, id=400, page=44, 614.295pt x 794.97pt>
File: Vignette___REMixed.pdf Graphic file (type pdf)
<use Vignette___REMixed.pdf, page 44>
Package pdftex.def Info: Vignette___REMixed.pdf , page44 used on input line 10.

(pdftex.def)             Requested size: 614.58406pt x 795.3441pt.
File: Vignette___REMixed.pdf Graphic file (type pdf)
<use Vignette___REMixed.pdf, page 44>
Package pdftex.def Info: Vignette___REMixed.pdf , page44 used on input line 10.

(pdftex.def)             Requested size: 614.58406pt x 795.3441pt.
File: Vignette___REMixed.pdf Graphic file (type pdf)
<use Vignette___REMixed.pdf, page 44>
Package pdftex.def Info: Vignette___REMixed.pdf , page44 used on input line 10.

(pdftex.def)             Requested size: 614.58406pt x 795.3441pt.
 [44

 <./Vignette___REMixed.pdf>]
<Vignette___REMixed.pdf, id=404, page=45, 614.295pt x 794.97pt>
File: Vignette___REMixed.pdf Graphic file (type pdf)
<use Vignette___REMixed.pdf, page 45>
Package pdftex.def Info: Vignette___REMixed.pdf , page45 used on input line 10.

(pdftex.def)             Requested size: 614.58406pt x 795.3441pt.
File: Vignette___REMixed.pdf Graphic file (type pdf)
<use Vignette___REMixed.pdf, page 45>
Package pdftex.def Info: Vignette___REMixed.pdf , page45 used on input line 10.

(pdftex.def)             Requested size: 614.58406pt x 795.3441pt.
File: Vignette___REMixed.pdf Graphic file (type pdf)
<use Vignette___REMixed.pdf, page 45>
Package pdftex.def Info: Vignette___REMixed.pdf , page45 used on input line 10.

(pdftex.def)             Requested size: 614.58406pt x 795.3441pt.
 [45

 <./Vignette___REMixed.pdf>]
<Vignette___REMixed.pdf, id=408, page=46, 614.295pt x 794.97pt>
File: Vignette___REMixed.pdf Graphic file (type pdf)
<use Vignette___REMixed.pdf, page 46>
Package pdftex.def Info: Vignette___REMixed.pdf , page46 used on input line 10.

(pdftex.def)             Requested size: 614.58406pt x 795.3441pt.
File: Vignette___REMixed.pdf Graphic file (type pdf)
<use Vignette___REMixed.pdf, page 46>
Package pdftex.def Info: Vignette___REMixed.pdf , page46 used on input line 10.

(pdftex.def)             Requested size: 614.58406pt x 795.3441pt.
File: Vignette___REMixed.pdf Graphic file (type pdf)
<use Vignette___REMixed.pdf, page 46>
Package pdftex.def Info: Vignette___REMixed.pdf , page46 used on input line 10.

(pdftex.def)             Requested size: 614.58406pt x 795.3441pt.
 [46

 <./Vignette___REMixed.pdf>]
<Vignette___REMixed.pdf, id=412, page=47, 614.295pt x 794.97pt>
File: Vignette___REMixed.pdf Graphic file (type pdf)
<use Vignette___REMixed.pdf, page 47>
Package pdftex.def Info: Vignette___REMixed.pdf , page47 used on input line 10.

(pdftex.def)             Requested size: 614.58406pt x 795.3441pt.
File: Vignette___REMixed.pdf Graphic file (type pdf)
<use Vignette___REMixed.pdf, page 47>
Package pdftex.def Info: Vignette___REMixed.pdf , page47 used on input line 10.

(pdftex.def)             Requested size: 614.58406pt x 795.3441pt.
File: Vignette___REMixed.pdf Graphic file (type pdf)
<use Vignette___REMixed.pdf, page 47>
Package pdftex.def Info: Vignette___REMixed.pdf , page47 used on input line 10.

(pdftex.def)             Requested size: 614.58406pt x 795.3441pt.
 [47

 <./Vignette___REMixed.pdf>]
<Vignette___REMixed.pdf, id=416, page=48, 614.295pt x 794.97pt>
File: Vignette___REMixed.pdf Graphic file (type pdf)
<use Vignette___REMixed.pdf, page 48>
Package pdftex.def Info: Vignette___REMixed.pdf , page48 used on input line 10.

(pdftex.def)             Requested size: 614.58406pt x 795.3441pt.
File: Vignette___REMixed.pdf Graphic file (type pdf)
<use Vignette___REMixed.pdf, page 48>
Package pdftex.def Info: Vignette___REMixed.pdf , page48 used on input line 10.

(pdftex.def)             Requested size: 614.58406pt x 795.3441pt.
File: Vignette___REMixed.pdf Graphic file (type pdf)
<use Vignette___REMixed.pdf, page 48>
Package pdftex.def Info: Vignette___REMixed.pdf , page48 used on input line 10.

(pdftex.def)             Requested size: 614.58406pt x 795.3441pt.
 [48

 <./Vignette___REMixed.pdf>]
<Vignette___REMixed.pdf, id=420, page=49, 614.295pt x 794.97pt>
File: Vignette___REMixed.pdf Graphic file (type pdf)
<use Vignette___REMixed.pdf, page 49>
Package pdftex.def Info: Vignette___REMixed.pdf , page49 used on input line 10.

(pdftex.def)             Requested size: 614.58406pt x 795.3441pt.
File: Vignette___REMixed.pdf Graphic file (type pdf)
<use Vignette___REMixed.pdf, page 49>
Package pdftex.def Info: Vignette___REMixed.pdf , page49 used on input line 10.

(pdftex.def)             Requested size: 614.58406pt x 795.3441pt.
File: Vignette___REMixed.pdf Graphic file (type pdf)
<use Vignette___REMixed.pdf, page 49>
Package pdftex.def Info: Vignette___REMixed.pdf , page49 used on input line 10.

(pdftex.def)             Requested size: 614.58406pt x 795.3441pt.
 [49

 <./Vignette___REMixed.pdf>]
<Vignette___REMixed.pdf, id=425, page=50, 614.295pt x 794.97pt>
File: Vignette___REMixed.pdf Graphic file (type pdf)
<use Vignette___REMixed.pdf, page 50>
Package pdftex.def Info: Vignette___REMixed.pdf , page50 used on input line 10.

(pdftex.def)             Requested size: 614.58406pt x 795.3441pt.
File: Vignette___REMixed.pdf Graphic file (type pdf)
<use Vignette___REMixed.pdf, page 50>
Package pdftex.def Info: Vignette___REMixed.pdf , page50 used on input line 10.

(pdftex.def)             Requested size: 614.58406pt x 795.3441pt.
File: Vignette___REMixed.pdf Graphic file (type pdf)
<use Vignette___REMixed.pdf, page 50>
Package pdftex.def Info: Vignette___REMixed.pdf , page50 used on input line 10.

(pdftex.def)             Requested size: 614.58406pt x 795.3441pt.

[50

 <./Vignette___REMixed.pdf>]
<Vignette___REMixed.pdf, id=429, page=51, 614.295pt x 794.97pt>
File: Vignette___REMixed.pdf Graphic file (type pdf)
<use Vignette___REMixed.pdf, page 51>
Package pdftex.def Info: Vignette___REMixed.pdf , page51 used on input line 10.

(pdftex.def)             Requested size: 614.58406pt x 795.3441pt.
File: Vignette___REMixed.pdf Graphic file (type pdf)
<use Vignette___REMixed.pdf, page 51>
Package pdftex.def Info: Vignette___REMixed.pdf , page51 used on input line 10.

(pdftex.def)             Requested size: 614.58406pt x 795.3441pt.
File: Vignette___REMixed.pdf Graphic file (type pdf)
<use Vignette___REMixed.pdf, page 51>
Package pdftex.def Info: Vignette___REMixed.pdf , page51 used on input line 10.

(pdftex.def)             Requested size: 614.58406pt x 795.3441pt.
 [51

 <./Vignette___REMixed.pdf>] (doc.aux)
 ***********
LaTeX2e <2023-11-01> patch level 1
L3 programming layer <2024-01-04>
 ***********
 ) 
Here is how much of TeX's memory you used:
 4409 strings out of 474485
 75669 string characters out of 5743734
 1925542 words of memory out of 5000000
 26651 multiletter control sequences out of 15000+600000
 558832 words of font info for 37 fonts, out of 8000000 for 9000
 1141 hyphenation exceptions out of 8191
 72i,17n,79p,222b,442s stack positions out of 10000i,1000n,20000p,200000b,200000s
<C:/Users/auria/AppData/Local/Programs/MiKTeX/fonts/type1/public/amsfonts/cm/
cmbx12.pfb><C:/Users/auria/AppData/Local/Programs/MiKTeX/fonts/type1/public/ams
fonts/cm/cmbx8.pfb><C:/Users/auria/AppData/Local/Programs/MiKTeX/fonts/type1/pu
blic/amsfonts/cm/cmex10.pfb><C:/Users/auria/AppData/Local/Programs/MiKTeX/fonts
/type1/public/amsfonts/cm/cmmi10.pfb><C:/Users/auria/AppData/Local/Programs/MiK
TeX/fonts/type1/public/amsfonts/cm/cmmi12.pfb><C:/Users/auria/AppData/Local/Pro
grams/MiKTeX/fonts/type1/public/amsfonts/cm/cmmi6.pfb><C:/Users/auria/AppData/L
ocal/Programs/MiKTeX/fonts/type1/public/amsfonts/cm/cmmi8.pfb><C:/Users/auria/A
ppData/Local/Programs/MiKTeX/fonts/type1/public/amsfonts/cm/cmmib10.pfb><C:/Use
rs/auria/AppData/Local/Programs/MiKTeX/fonts/type1/public/amsfonts/cmextra/cmmi
b6.pfb><C:/Users/auria/AppData/Local/Programs/MiKTeX/fonts/type1/public/amsfont
s/cmextra/cmmib8.pfb><C:/Users/auria/AppData/Local/Programs/MiKTeX/fonts/type1/
public/amsfonts/cm/cmr10.pfb><C:/Users/auria/AppData/Local/Programs/MiKTeX/font
s/type1/public/amsfonts/cm/cmr12.pfb><C:/Users/auria/AppData/Local/Programs/MiK
TeX/fonts/type1/public/amsfonts/cm/cmr6.pfb><C:/Users/auria/AppData/Local/Progr
ams/MiKTeX/fonts/type1/public/amsfonts/cm/cmr8.pfb><C:/Users/auria/AppData/Loca
l/Programs/MiKTeX/fonts/type1/public/amsfonts/cm/cmsy10.pfb><C:/Users/auria/App
Data/Local/Programs/MiKTeX/fonts/type1/public/amsfonts/cm/cmsy6.pfb><C:/Users/a
uria/AppData/Local/Programs/MiKTeX/fonts/type1/public/amsfonts/cm/cmsy8.pfb>
Output written on doc.pdf (51 pages, 4356574 bytes).
PDF statistics:
 454 PDF objects out of 1000 (max. 8388607)
 0 named destinations out of 1000 (max. 500000)
 270 words of extra memory for PDF output out of 10000 (max. 10000000)

